gpasm-1.2.0 #980 (May 17 2013) build/default/   4-8-2015  08:51:27          PAGE  1


LOC  OBJECT CODE     LINE SOURCE TEXT
  VALUE

                      00001 ;--------------------------------------------------------
                      00002 ; File Created by SDCC : free open source ANSI-C Compiler
                      00003 ; Version 3.3.0 #8604 (May 11 2013) (MINGW32)
                      00004 ; This file was generated Wed Apr 08 08:51:27 2015
                      00005 ;--------------------------------------------------------
                      00006 ; PIC16 port for the Microchip 16-bit core micros
                      00007 ;--------------------------------------------------------
                      00008         list    p=18f4520
                      00009         radix   dec
                      00010 
                      00011 
                      00012 ;--------------------------------------------------------
                      00013 ; public variables in this module
                      00014 ;--------------------------------------------------------
                      00015 
                      00016 ;--------------------------------------------------------
                      00017 ; global & static initialisations
                      00018 ;--------------------------------------------------------
                      00019 ; I code from now on!
                      00020 
                      00021 
                      00022 ; Statistics:
                      00023 ; code size:        0 (0x0000) bytes ( 0.00%)
                      00024 ;                   0 (0x0000) words
                      00025 ; udata size:       0 (0x0000) bytes ( 0.00%)
                      00026 ; access size:      0 (0x0000) bytes
                      00027 
                      00028 
                      00029         end
gpasm-1.2.0 #980 (May 17 2013) build/default/   4-8-2015  08:51:27          PAGE  2


SYMBOL TABLE
  LABEL                             VALUE

__18F4520                         00000001

Errors   :     0
Warnings :     0 reported,     0 suppressed
Messages :     0 reported,     0 suppressed

